Performing C SOURCE FILE Test CMAKE_HAVE_LIBC_PTHREAD failed with the following output:
Change Dir: /home/wjj/SLAM_WS/lslam_ws/AdaCt_ws/src/AdaCt/cmake-build-debug/CMakeFiles/CMakeTmp

Run Build Command(s):/home/wjj/soft/clion/clion-2022.2.5/bin/ninja/linux/ninja cmTC_eba6b && [1/2] Building C object CMakeFiles/cmTC_eba6b.dir/src.c.o
[2/2] Linking C executable cmTC_eba6b
FAILED: cmTC_eba6b 
: && /usr/bin/cc  -rdynamic CMakeFiles/cmTC_eba6b.dir/src.c.o -o cmTC_eba6b   && :
/usr/bin/ld: CMakeFiles/cmTC_eba6b.dir/src.c.o: in function `main':
src.c:(.text+0x46): undefined reference to `pthread_create'
/usr/bin/ld: src.c:(.text+0x52): undefined reference to `pthread_detach'
/usr/bin/ld: src.c:(.text+0x5e): undefined reference to `pthread_cancel'
/usr/bin/ld: src.c:(.text+0x6f): undefined reference to `pthread_join'
collect2: error: ld returned 1 exit status
ninja: build stopped: subcommand failed.


Source file was:
#include <pthread.h>

static void* test_func(void* data)
{
  return data;
}

int main(void)
{
  pthread_t thread;
  pthread_create(&thread, NULL, test_func, NULL);
  pthread_detach(thread);
  pthread_cancel(thread);
  pthread_join(thread, NULL);
  pthread_atfork(NULL, NULL, NULL);
  pthread_exit(NULL);

  return 0;
}

Determining if the function pthread_create exists in the pthreads failed with the following output:
Change Dir: /home/wjj/SLAM_WS/lslam_ws/AdaCt_ws/src/AdaCt/cmake-build-debug/CMakeFiles/CMakeTmp

Run Build Command(s):/home/wjj/soft/clion/clion-2022.2.5/bin/ninja/linux/ninja cmTC_da7ba && [1/2] Building C object CMakeFiles/cmTC_da7ba.dir/CheckFunctionExists.c.o
[2/2] Linking C executable cmTC_da7ba
FAILED: cmTC_da7ba 
: && /usr/bin/cc -DCHECK_FUNCTION_EXISTS=pthread_create -rdynamic CMakeFiles/cmTC_da7ba.dir/CheckFunctionExists.c.o -o cmTC_da7ba  -lpthreads && :
/usr/bin/ld: 找不到 -lpthreads
collect2: error: ld returned 1 exit status
ninja: build stopped: subcommand failed.



Determining if the function sgemm_ exists failed with the following output:
Change Dir: /home/wjj/SLAM_WS/lslam_ws/AdaCt_ws/src/AdaCt/cmake-build-debug/CMakeFiles/CMakeTmp

Run Build Command(s):/home/wjj/soft/clion/clion-2022.2.5/bin/ninja/linux/ninja cmTC_9524f && [1/2] Building C object CMakeFiles/cmTC_9524f.dir/CheckFunctionExists.c.o
[2/2] Linking C executable cmTC_9524f
FAILED: cmTC_9524f 
: && /usr/bin/cc -DCHECK_FUNCTION_EXISTS=sgemm_ -rdynamic CMakeFiles/cmTC_9524f.dir/CheckFunctionExists.c.o -o cmTC_9524f   && :
/usr/bin/ld: CMakeFiles/cmTC_9524f.dir/CheckFunctionExists.c.o: in function `main':
CheckFunctionExists.c:(.text+0x14): undefined reference to `sgemm_'
collect2: error: ld returned 1 exit status
ninja: build stopped: subcommand failed.



